android/app/build/intermediates/manifest_merge_blame_file/debug/manifest-merger-blame-debug-report.txt
1<?xml version="1.0" encoding="utf-8"?>
2<manifest xmlns:android="http://schemas.android.com/apk/res/android"
3    package="com.navtestapp"
4    android:versionCode="1"
5    android:versionName="1.0" >
6
7    <uses-sdk
8        android:minSdkVersion="16"
9        android:targetSdkVersion="28" />
10
11    <uses-permission android:name="android.permission.SYSTEM_ALERT_WINDOW" />
11-->src/debug/AndroidManifest.xml:5:5-77
11-->src/debug/AndroidManifest.xml:5:22-75
12    <uses-permission android:name="android.permission.INTERNET" />
12-->src/main/AndroidManifest.xml:4:5-67
12-->src/main/AndroidManifest.xml:4:22-64
13    <uses-permission android:name="android.permission.CAMERA" />
13-->src/main/AndroidManifest.xml:5:5-64
13-->src/main/AndroidManifest.xml:5:22-62
14    <uses-permission android:name="android.permission.WRITE_EXTERNAL_STORAGE" />
14-->src/main/AndroidManifest.xml:6:5-80
14-->src/main/AndroidManifest.xml:6:22-78
15    <uses-permission android:name="android.permission.READ_EXTERNAL_STORAGE" />
15-->src/main/AndroidManifest.xml:7:5-80
15-->src/main/AndroidManifest.xml:7:22-77
16
17    <uses-feature android:name="android.hardware.camera" />
17-->src/main/AndroidManifest.xml:8:5-60
17-->src/main/AndroidManifest.xml:8:19-57
18    <uses-feature android:name="android.hardware.camera.autofocus" />
18-->src/main/AndroidManifest.xml:9:5-70
18-->src/main/AndroidManifest.xml:9:19-67
19
20    <application
20-->src/main/AndroidManifest.xml:10:5-28:19
21        android:name="com.navtestapp.MainApplication"
21-->src/main/AndroidManifest.xml:11:7-38
22        android:allowBackup="false"
22-->src/main/AndroidManifest.xml:15:7-34
23        android:appComponentFactory="androidx.core.app.CoreComponentFactory"
23-->[androidx.core:core:1.1.0] AndroidManifest.xml:24:18-86
24        android:debuggable="true"
25        android:icon="@mipmap/ic_launcher"
25-->src/main/AndroidManifest.xml:13:7-41
26        android:label="@string/app_name"
26-->src/main/AndroidManifest.xml:12:7-39
27        android:roundIcon="@mipmap/ic_launcher_round"
27-->src/main/AndroidManifest.xml:14:7-52
28        android:theme="@style/AppTheme"
28-->src/main/AndroidManifest.xml:16:7-38
29        android:usesCleartextTraffic="true" >
29-->src/debug/AndroidManifest.xml:7:18-53
30        <activity
30-->src/main/AndroidManifest.xml:17:7-26:18
31            android:name="com.navtestapp.MainActivity"
31-->src/main/AndroidManifest.xml:18:9-37
32            android:configChanges="keyboard|keyboardHidden|orientation|screenSize"
32-->src/main/AndroidManifest.xml:20:9-79
33            android:label="@string/app_name"
33-->src/main/AndroidManifest.xml:19:9-41
34            android:windowSoftInputMode="adjustResize" >
34-->src/main/AndroidManifest.xml:21:9-51
35            <intent-filter>
35-->src/main/AndroidManifest.xml:22:9-25:25
36                <action android:name="android.intent.action.MAIN" />
36-->src/main/AndroidManifest.xml:23:13-65
36-->src/main/AndroidManifest.xml:23:21-62
37
38                <category android:name="android.intent.category.LAUNCHER" />
38-->src/main/AndroidManifest.xml:24:13-73
38-->src/main/AndroidManifest.xml:24:23-70
39            </intent-filter>
40        </activity>
41        <activity android:name="com.facebook.react.devsupport.DevSettingsActivity" />
41-->src/main/AndroidManifest.xml:27:7-84
41-->src/main/AndroidManifest.xml:27:17-81
42
43        <provider
43-->[:react-native-image-picker] AndroidManifest.xml:10:9-18:20
44            android:name="com.imagepicker.FileProvider"
44-->[:react-native-image-picker] AndroidManifest.xml:11:13-56
45            android:authorities="com.navtestapp.provider"
45-->[:react-native-image-picker] AndroidManifest.xml:12:13-60
46            android:exported="false"
46-->[:react-native-image-picker] AndroidManifest.xml:13:13-37
47            android:grantUriPermissions="true" >
47-->[:react-native-image-picker] AndroidManifest.xml:14:13-47
48            <meta-data
48-->[:react-native-image-picker] AndroidManifest.xml:15:13-17:58
49                android:name="android.support.FILE_PROVIDER_PATHS"
49-->[:react-native-image-picker] AndroidManifest.xml:16:17-67
50                android:resource="@xml/provider_paths" />
50-->[:react-native-image-picker] AndroidManifest.xml:17:17-55
51        </provider>
52    </application>
53
54</manifest>